<<<<<<< HEAD
This is pdfTeX, Version 3.14159265-2.6-1.40.19 (MiKTeX 2.9.6630 64-bit) (preloaded format=latex 2019.2.16)  16 FEB 2019 17:54
=======
This is pdfTeX, Version 3.14159265-2.6-1.40.19 (MiKTeX 2.9.6930 64-bit) (preloaded format=pdflatex 2019.2.16)  16 FEB 2019 17:47
>>>>>>> 29268b5806b35313e41ec1daa2bd11febd941bac
entering extended mode
**Bibliografia.tex

! Emergency stop.
<*> Bibliografia.tex
                    
*** (job aborted, file error in nonstop mode)

 
Here is how much of TeX's memory you used:
<<<<<<< HEAD
 2 strings out of 493306
 22 string characters out of 3129828
 53822 words of memory out of 3000000
 3658 multiletter control sequences out of 15000+200000
=======
 2 strings out of 492946
 22 string characters out of 3124932
 56557 words of memory out of 3000000
 4004 multiletter control sequences out of 15000+200000
>>>>>>> 29268b5806b35313e41ec1daa2bd11febd941bac
 3640 words of font info for 14 fonts, out of 3000000 for 9000
 1141 hyphenation exceptions out of 8191
 0i,0n,0p,1b,6s stack positions out of 5000i,500n,10000p,200000b,50000s
No pages of output.
